  Admin.cpp
  AdminManager.cpp
C:\Users\DELL\OneDrive\Desktop\walaa\bank system\bank system\ClientManager.h(37,10): warning C4129: 'p': unrecognized character escape sequence
C:\Users\DELL\OneDrive\Desktop\walaa\bank system\bank system\EmpolyeeManager.h(52,12): warning C4129: 'c': unrecognized character escape sequence
C:\Users\DELL\OneDrive\Desktop\walaa\bank system\bank system\EmpolyeeManager.h(67,12): warning C4129: 'C': unrecognized character escape sequence
C:\Users\DELL\OneDrive\Desktop\walaa\bank system\bank system\EmpolyeeManager.h(74,11): warning C4129: 'C': unrecognized character escape sequence
  bank system.cpp
C:\Users\DELL\OneDrive\Desktop\walaa\bank system\bank system\ClientManager.h(37,10): warning C4129: 'p': unrecognized character escape sequence
C:\Users\DELL\OneDrive\Desktop\walaa\bank system\bank system\EmpolyeeManager.h(52,12): warning C4129: 'c': unrecognized character escape sequence
C:\Users\DELL\OneDrive\Desktop\walaa\bank system\bank system\EmpolyeeManager.h(67,12): warning C4129: 'C': unrecognized character escape sequence
C:\Users\DELL\OneDrive\Desktop\walaa\bank system\bank system\EmpolyeeManager.h(74,11): warning C4129: 'C': unrecognized character escape sequence
  Client.cpp
  ClientManager.cpp
C:\Users\DELL\OneDrive\Desktop\walaa\bank system\bank system\ClientManager.h(37,10): warning C4129: 'p': unrecognized character escape sequence
  DataSourceInterface.cpp
  Employee.cpp
  EmpolyeeManager.cpp
C:\Users\DELL\OneDrive\Desktop\walaa\bank system\bank system\ClientManager.h(37,10): warning C4129: 'p': unrecognized character escape sequence
C:\Users\DELL\OneDrive\Desktop\walaa\bank system\bank system\EmpolyeeManager.h(52,12): warning C4129: 'c': unrecognized character escape sequence
C:\Users\DELL\OneDrive\Desktop\walaa\bank system\bank system\EmpolyeeManager.h(67,12): warning C4129: 'C': unrecognized character escape sequence
C:\Users\DELL\OneDrive\Desktop\walaa\bank system\bank system\EmpolyeeManager.h(74,11): warning C4129: 'C': unrecognized character escape sequence
  FileManager.cpp
  FilesHelper.cpp
  Parser.cpp
  Person.cpp
  Screen.cpp
C:\Users\DELL\OneDrive\Desktop\walaa\bank system\bank system\ClientManager.h(37,10): warning C4129: 'p': unrecognized character escape sequence
C:\Users\DELL\OneDrive\Desktop\walaa\bank system\bank system\EmpolyeeManager.h(52,12): warning C4129: 'c': unrecognized character escape sequence
C:\Users\DELL\OneDrive\Desktop\walaa\bank system\bank system\EmpolyeeManager.h(67,12): warning C4129: 'C': unrecognized character escape sequence
C:\Users\DELL\OneDrive\Desktop\walaa\bank system\bank system\EmpolyeeManager.h(74,11): warning C4129: 'C': unrecognized character escape sequence
  Validation.cpp
  Generating Code...
  LINK : C:\Users\DELL\OneDrive\Desktop\walaa\bank system\x64\Debug\bank system.exe not found or not built by the last incremental link; performing full link
  bank system.vcxproj -> C:\Users\DELL\OneDrive\Desktop\walaa\bank system\x64\Debug\bank system.exe
